2025-04-04 12:51:51.324952 - Received CBT.V508.FILE622.PDS from FILE622.XMI 
2025-04-04 12:51:51.326173 - Found $$$#DATE.txt (text/plain) in CBT.V508.FILE622.PDS, moved to PDS/$$$#DATE
2025-04-04 12:51:51.326313 - Found $RECEIVE.jcl (text/plain) in CBT.V508.FILE622.PDS, moved to PDS/$RECEIVE
2025-04-04 12:51:51.326446 - Found $RECESBG.jcl (text/plain) in CBT.V508.FILE622.PDS, moved to PDS/$RECESBG
2025-04-04 12:51:51.326601 - Found @FILE622.txt (text/plain) in CBT.V508.FILE622.PDS, moved to PDS/@FILE622
2025-04-04 12:51:51.326810 - Found API.xmi (application/xmit) in CBT.V508.FILE622.PDS, moved to PDS/API.xmi
2025-04-04 12:51:51.706621 - Received DIST.MATRIX.V2.API.MACLIB from API.xmi 
2025-04-04 12:51:51.708071 - Found @@.txt (text/plain) in DIST.MATRIX.V2.API.MACLIB, moved to API/@@
2025-04-04 12:51:51.708218 - Found @@#.txt (text/plain) in DIST.MATRIX.V2.API.MACLIB, moved to API/@@#
2025-04-04 12:51:51.708352 - Found @@@.txt (text/plain) in DIST.MATRIX.V2.API.MACLIB, moved to API/@@@
2025-04-04 12:51:51.708486 - Found CALLMXAC.txt (text/plain) in DIST.MATRIX.V2.API.MACLIB, moved to API/CALLMXAC
2025-04-04 12:51:51.708625 - Found CALLMXCC.txt (text/plain) in DIST.MATRIX.V2.API.MACLIB, moved to API/CALLMXCC
2025-04-04 12:51:51.708755 - Found CALLMXCN.txt (text/plain) in DIST.MATRIX.V2.API.MACLIB, moved to API/CALLMXCN
2025-04-04 12:51:51.708885 - Found CALLMXCT.txt (text/plain) in DIST.MATRIX.V2.API.MACLIB, moved to API/CALLMXCT
2025-04-04 12:51:51.709024 - Found CALLMXCW.txt (text/plain) in DIST.MATRIX.V2.API.MACLIB, moved to API/CALLMXCW
2025-04-04 12:51:51.709134 - Found CALLMXDT.txt (text/plain) in DIST.MATRIX.V2.API.MACLIB, moved to API/CALLMXDT
2025-04-04 12:51:51.709255 - Found CALLMXDW.txt (text/plain) in DIST.MATRIX.V2.API.MACLIB, moved to API/CALLMXDW
2025-04-04 12:51:51.709388 - Found CALLMXEV.txt (text/plain) in DIST.MATRIX.V2.API.MACLIB, moved to API/CALLMXEV
2025-04-04 12:51:51.709524 - Found CALLMXFI.txt (text/plain) in DIST.MATRIX.V2.API.MACLIB, moved to API/CALLMXFI
2025-04-04 12:51:51.709652 - Found CALLMXLK.txt (text/plain) in DIST.MATRIX.V2.API.MACLIB, moved to API/CALLMXLK
2025-04-04 12:51:51.709778 - Found CALLMXRD.txt (text/plain) in DIST.MATRIX.V2.API.MACLIB, moved to API/CALLMXRD
2025-04-04 12:51:51.709889 - Found CALLMXRZ.txt (text/plain) in DIST.MATRIX.V2.API.MACLIB, moved to API/CALLMXRZ
2025-04-04 12:51:51.710031 - Found CALLMXSR.txt (text/plain) in DIST.MATRIX.V2.API.MACLIB, moved to API/CALLMXSR
2025-04-04 12:51:51.710185 - Found CALLMXST.txt (text/plain) in DIST.MATRIX.V2.API.MACLIB, moved to API/CALLMXST
2025-04-04 12:51:51.710317 - Found CALLMXSZ.txt (text/plain) in DIST.MATRIX.V2.API.MACLIB, moved to API/CALLMXSZ
2025-04-04 12:51:51.710441 - Found CALLMXTL.txt (text/plain) in DIST.MATRIX.V2.API.MACLIB, moved to API/CALLMXTL
2025-04-04 12:51:51.710577 - Found CALLMXTS.txt (text/plain) in DIST.MATRIX.V2.API.MACLIB, moved to API/CALLMXTS
2025-04-04 12:51:51.710703 - Found CALLMXWR.txt (text/plain) in DIST.MATRIX.V2.API.MACLIB, moved to API/CALLMXWR
2025-04-04 12:51:51.710819 - Found CALLMXXC.txt (text/plain) in DIST.MATRIX.V2.API.MACLIB, moved to API/CALLMXXC
2025-04-04 12:51:51.710958 - Found CALLSRV.txt (text/plain) in DIST.MATRIX.V2.API.MACLIB, moved to API/CALLSRV
2025-04-04 12:51:51.711080 - Found CLOSEMX.txt (text/plain) in DIST.MATRIX.V2.API.MACLIB, moved to API/CLOSEMX
2025-04-04 12:51:51.711206 - Found MXMSGREC.txt (text/plain) in DIST.MATRIX.V2.API.MACLIB, moved to API/MXMSGREC
2025-04-04 12:51:51.711336 - Found MXREQCOD.txt (text/plain) in DIST.MATRIX.V2.API.MACLIB, moved to API/MXREQCOD
2025-04-04 12:51:51.711474 - Found MXRETDEF.txt (text/plain) in DIST.MATRIX.V2.API.MACLIB, moved to API/MXRETDEF
2025-04-04 12:51:51.711632 - Found MXTABLES.txt (text/plain) in DIST.MATRIX.V2.API.MACLIB, moved to API/MXTABLES
2025-04-04 12:51:51.711743 - Found MXTKTOKN.txt (text/plain) in DIST.MATRIX.V2.API.MACLIB, moved to API/MXTKTOKN
2025-04-04 12:51:51.711855 - Found MXTOKEN.txt (text/plain) in DIST.MATRIX.V2.API.MACLIB, moved to API/MXTOKEN
2025-04-04 12:51:51.711967 - Found MXTUREC.txt (text/plain) in DIST.MATRIX.V2.API.MACLIB, moved to API/MXTUREC
2025-04-04 12:51:51.712090 - Found OPENMX.txt (text/plain) in DIST.MATRIX.V2.API.MACLIB, moved to API/OPENMX
2025-04-04 12:51:51.712204 - Found SMVCBLOK.txt (text/plain) in DIST.MATRIX.V2.API.MACLIB, moved to API/SMVCBLOK
2025-04-04 12:51:51.712341 - Found SRUSPLST.txt (text/plain) in DIST.MATRIX.V2.API.MACLIB, moved to API/SRUSPLST
2025-04-04 12:51:51.712452 - Found SRVACCES.txt (text/plain) in DIST.MATRIX.V2.API.MACLIB, moved to API/SRVACCES
2025-04-04 12:51:51.712565 - Found SSGLOBAL.txt (text/plain) in DIST.MATRIX.V2.API.MACLIB, moved to API/SSGLOBAL
2025-04-04 12:51:51.714180 - Found COBCOPY.xmi (application/xmit) in CBT.V508.FILE622.PDS, moved to PDS/COBCOPY.xmi
2025-04-04 12:51:51.729563 - Received DIST.MATRIX.V2.COBOL.COPYLIB from COBCOPY.xmi 
2025-04-04 12:51:51.730014 - Found MXPLIST.txt (text/plain) in DIST.MATRIX.V2.COBOL.COPYLIB, moved to COBCOPY/MXPLIST
2025-04-04 12:51:51.730350 - Found MATXCNTL.xmi (application/xmit) in CBT.V508.FILE622.PDS, moved to PDS/MATXCNTL.xmi
2025-04-04 12:51:51.811223 - Received DIST.MATRIX.V2.CNTL from MATXCNTL.xmi 
2025-04-04 12:51:51.811995 - Found ASMBAT.jcl (text/plain) in DIST.MATRIX.V2.CNTL, moved to MATXCNTL/ASMBAT
2025-04-04 12:51:51.812148 - Found ASMSAMP.jcl (text/plain) in DIST.MATRIX.V2.CNTL, moved to MATXCNTL/ASMSAMP
2025-04-04 12:51:51.812286 - Found COBEXMPL.jcl (text/plain) in DIST.MATRIX.V2.CNTL, moved to MATXCNTL/COBEXMPL
2025-04-04 12:51:51.812421 - Found COBTBL.jcl (text/plain) in DIST.MATRIX.V2.CNTL, moved to MATXCNTL/COBTBL
2025-04-04 12:51:51.812549 - Found LINKTBL.jcl (text/plain) in DIST.MATRIX.V2.CNTL, moved to MATXCNTL/LINKTBL
2025-04-04 12:51:51.812673 - Found RUNCOBOX.jcl (text/plain) in DIST.MATRIX.V2.CNTL, moved to MATXCNTL/RUNCOBOX
2025-04-04 12:51:51.812802 - Found RUNCOBTB.jcl (text/plain) in DIST.MATRIX.V2.CNTL, moved to MATXCNTL/RUNCOBTB
2025-04-04 12:51:51.812914 - Found RUNOPMX.jcl (text/plain) in DIST.MATRIX.V2.CNTL, moved to MATXCNTL/RUNOPMX
2025-04-04 12:51:51.813037 - Found RUNTBLT.jcl (text/plain) in DIST.MATRIX.V2.CNTL, moved to MATXCNTL/RUNTBLT
2025-04-04 12:51:51.813154 - Found RUNUTIL.jcl (text/plain) in DIST.MATRIX.V2.CNTL, moved to MATXCNTL/RUNUTIL
2025-04-04 12:51:51.813281 - Found RUNUTIL2.jcl (text/plain) in DIST.MATRIX.V2.CNTL, moved to MATXCNTL/RUNUTIL2
2025-04-04 12:51:51.813938 - Found MATXLOAD.xmi (application/xmit) in CBT.V508.FILE622.PDS, moved to PDS/MATXLOAD.xmi
2025-04-04 12:51:51.842404 - Received DIST.MATRIX.V2.LOAD from MATXLOAD.xmi 
2025-04-04 12:51:51.842899 - Found LEEYUNK.bin (application/octet-stream) in DIST.MATRIX.V2.LOAD, moved to MATXLOAD/LEEYUNK
2025-04-04 12:51:51.843059 - Found MATRIX.bin (application/octet-stream) in DIST.MATRIX.V2.LOAD, moved to MATXLOAD/MATRIX
2025-04-04 12:51:51.843182 - Found MXWTOD.bin (application/octet-stream) in DIST.MATRIX.V2.LOAD, moved to MATXLOAD/MXWTOD
2025-04-04 12:51:51.843324 - Found SASHA.bin (application/octet-stream) in DIST.MATRIX.V2.LOAD, moved to MATXLOAD/SASHA
2025-04-04 12:51:51.843441 - Found SSLPRS01.bin (application/octet-stream) in DIST.MATRIX.V2.LOAD, moved to MATXLOAD/SSLPRS01
2025-04-04 12:51:51.843562 - Found SSUTIL.bin (application/octet-stream) in DIST.MATRIX.V2.LOAD, moved to MATXLOAD/SSUTIL
2025-04-04 12:51:51.843681 - Found SSWAITE2.bin (application/octet-stream) in DIST.MATRIX.V2.LOAD, moved to MATXLOAD/SSWAITE2
2025-04-04 12:51:51.843813 - Found WONGTIEN.bin (application/octet-stream) in DIST.MATRIX.V2.LOAD, moved to MATXLOAD/WONGTIEN
2025-04-04 12:51:51.844509 - Found MATXOBJ.xmi (application/xmit) in CBT.V508.FILE622.PDS, moved to PDS/MATXOBJ.xmi
2025-04-04 12:51:51.859501 - Received DIST.MATRIX.V2.OBJECT from MATXOBJ.xmi 
2025-04-04 12:51:51.859979 - Found CLOSEMX.bin (application/octet-stream) in DIST.MATRIX.V2.OBJECT, moved to MATXOBJ/CLOSEMX
2025-04-04 12:51:51.860077 - Found CSUPP.x-empty (application/x-empty) in DIST.MATRIX.V2.OBJECT, moved to MATXOBJ/CSUPP
2025-04-04 12:51:51.860195 - Found GETMX.bin (application/octet-stream) in DIST.MATRIX.V2.OBJECT, moved to MATXOBJ/GETMX
2025-04-04 12:51:51.860314 - Found MXSTUB.bin (application/octet-stream) in DIST.MATRIX.V2.OBJECT, moved to MATXOBJ/MXSTUB
2025-04-04 12:51:51.860425 - Found MXSTUBC.bin (application/octet-stream) in DIST.MATRIX.V2.OBJECT, moved to MATXOBJ/MXSTUBC
2025-04-04 12:51:51.860539 - Found MXTABLEC.bin (application/octet-stream) in DIST.MATRIX.V2.OBJECT, moved to MATXOBJ/MXTABLEC
2025-04-04 12:51:51.860673 - Found MXTABLES.bin (application/octet-stream) in DIST.MATRIX.V2.OBJECT, moved to MATXOBJ/MXTABLES
2025-04-04 12:51:51.860803 - Found OPENMX.bin (application/octet-stream) in DIST.MATRIX.V2.OBJECT, moved to MATXOBJ/OPENMX
2025-04-04 12:51:51.860916 - Found READMX.bin (application/octet-stream) in DIST.MATRIX.V2.OBJECT, moved to MATXOBJ/READMX
2025-04-04 12:51:51.861027 - Found SRSTUB.bin (application/octet-stream) in DIST.MATRIX.V2.OBJECT, moved to MATXOBJ/SRSTUB
2025-04-04 12:51:51.861133 - Found SRSTUBA.bin (application/octet-stream) in DIST.MATRIX.V2.OBJECT, moved to MATXOBJ/SRSTUBA
2025-04-04 12:51:51.861676 - Found MATXPARM.xmi (application/xmit) in CBT.V508.FILE622.PDS, moved to PDS/MATXPARM.xmi
2025-04-04 12:51:51.877200 - Received DIST.MATRIX.V2.PARMS from MATXPARM.xmi 
2025-04-04 12:51:51.877653 - Found START1.txt (text/plain) in DIST.MATRIX.V2.PARMS, moved to MATXPARM/START1
2025-04-04 12:51:51.877791 - Found START2.txt (text/plain) in DIST.MATRIX.V2.PARMS, moved to MATXPARM/START2
2025-04-04 12:51:51.878153 - Found MATXPROC.xmi (application/xmit) in CBT.V508.FILE622.PDS, moved to PDS/MATXPROC.xmi
2025-04-04 12:51:51.899987 - Received DIST.MATRIX.V2.PROCLIB from MATXPROC.xmi 
2025-04-04 12:51:51.900469 - Found ASMBAT.txt (text/plain) in DIST.MATRIX.V2.PROCLIB, moved to MATXPROC/ASMBAT
2025-04-04 12:51:51.900612 - Found BATLINK.txt (text/plain) in DIST.MATRIX.V2.PROCLIB, moved to MATXPROC/BATLINK
2025-04-04 12:51:51.900736 - Found MATRIX.txt (text/plain) in DIST.MATRIX.V2.PROCLIB, moved to MATXPROC/MATRIX
2025-04-04 12:51:51.901111 - Found MXMASM01.txt (text/plain) in CBT.V508.FILE622.PDS, moved to PDS/MXMASM01
2025-04-04 12:51:51.901264 - Found MXMBAT01.txt (text/plain) in CBT.V508.FILE622.PDS, moved to PDS/MXMBAT01
2025-04-04 12:51:51.901407 - Found MXMCOB01.txt (text/plain) in CBT.V508.FILE622.PDS, moved to PDS/MXMCOB01
2025-04-04 12:51:51.901542 - Found MXMCONCP.txt (text/plain) in CBT.V508.FILE622.PDS, moved to PDS/MXMCONCP
2025-04-04 12:51:51.901666 - Found MXMINSTL.txt (text/plain) in CBT.V508.FILE622.PDS, moved to PDS/MXMINSTL
2025-04-04 12:51:51.901813 - Found MXMTBLAS.txt (text/plain) in CBT.V508.FILE622.PDS, moved to PDS/MXMTBLAS
2025-04-04 12:51:51.901942 - Found MXMTBLCB.txt (text/plain) in CBT.V508.FILE622.PDS, moved to PDS/MXMTBLCB
2025-04-04 12:51:51.902088 - Found MXMTSO01.txt (text/plain) in CBT.V508.FILE622.PDS, moved to PDS/MXMTSO01
2025-04-04 12:51:51.902221 - Found SAMPLOAD.xmi (application/xmit) in CBT.V508.FILE622.PDS, moved to PDS/SAMPLOAD.xmi
2025-04-04 12:51:51.918270 - Received DIST.MATRIX.V2.SAMPLE.LOAD from SAMPLOAD.xmi 
2025-04-04 12:51:51.918875 - Found ASMTCRTT.bin (application/octet-stream) in DIST.MATRIX.V2.SAMPLE.LOAD, moved to SAMPLOAD/ASMTCRTT
2025-04-04 12:51:51.919036 - Found CEXMP.bin (application/octet-stream) in DIST.MATRIX.V2.SAMPLE.LOAD, moved to SAMPLOAD/CEXMP
2025-04-04 12:51:51.919187 - Found COBEXMP.bin (application/octet-stream) in DIST.MATRIX.V2.SAMPLE.LOAD, moved to SAMPLOAD/COBEXMP
2025-04-04 12:51:51.919337 - Found COBOPMX.bin (application/octet-stream) in DIST.MATRIX.V2.SAMPLE.LOAD, moved to SAMPLOAD/COBOPMX
2025-04-04 12:51:51.919462 - Found COBTBL.bin (application/octet-stream) in DIST.MATRIX.V2.SAMPLE.LOAD, moved to SAMPLOAD/COBTBL
2025-04-04 12:51:51.919613 - Found TESTOPMX.bin (application/octet-stream) in DIST.MATRIX.V2.SAMPLE.LOAD, moved to SAMPLOAD/TESTOPMX
2025-04-04 12:51:51.920233 - Found SAMPMAC.xmi (application/xmit) in CBT.V508.FILE622.PDS, moved to PDS/SAMPMAC.xmi
2025-04-04 12:51:51.961547 - Received DIST.MATRIX.V2.SAMPLE.MACLIB from SAMPMAC.xmi 
2025-04-04 12:51:51.962198 - Found $$README.txt (text/plain) in DIST.MATRIX.V2.SAMPLE.MACLIB, moved to SAMPMAC/$$README
2025-04-04 12:51:51.962345 - Found ADYNAM.txt (text/plain) in DIST.MATRIX.V2.SAMPLE.MACLIB, moved to SAMPMAC/ADYNAM
2025-04-04 12:51:51.962486 - Found ADYNEND.txt (text/plain) in DIST.MATRIX.V2.SAMPLE.MACLIB, moved to SAMPMAC/ADYNEND
2025-04-04 12:51:51.962618 - Found AENTRY.txt (text/plain) in DIST.MATRIX.V2.SAMPLE.MACLIB, moved to SAMPMAC/AENTRY
2025-04-04 12:51:51.962732 - Found AEXIT.txt (text/plain) in DIST.MATRIX.V2.SAMPLE.MACLIB, moved to SAMPMAC/AEXIT
2025-04-04 12:51:51.962856 - Found AREGS.txt (text/plain) in DIST.MATRIX.V2.SAMPLE.MACLIB, moved to SAMPMAC/AREGS
2025-04-04 12:51:51.963327 - Found SAMPOBJ.xmi (application/xmit) in CBT.V508.FILE622.PDS, moved to PDS/SAMPOBJ.xmi
2025-04-04 12:51:51.981056 - Received DIST.MATRIX.V2.SAMPLE.OBJECT from SAMPOBJ.xmi 
2025-04-04 12:51:51.981592 - Found ASMASSOC.bin (application/octet-stream) in DIST.MATRIX.V2.SAMPLE.OBJECT, moved to SAMPOBJ/ASMASSOC
2025-04-04 12:51:51.981716 - Found ASMCONN.bin (application/octet-stream) in DIST.MATRIX.V2.SAMPLE.OBJECT, moved to SAMPOBJ/ASMCONN
2025-04-04 12:51:51.981836 - Found ASMCOPY.bin (application/octet-stream) in DIST.MATRIX.V2.SAMPLE.OBJECT, moved to SAMPOBJ/ASMCOPY
2025-04-04 12:51:51.981962 - Found ASMCRTWA.bin (application/octet-stream) in DIST.MATRIX.V2.SAMPLE.OBJECT, moved to SAMPOBJ/ASMCRTWA
2025-04-04 12:51:51.982086 - Found ASMDELWA.bin (application/octet-stream) in DIST.MATRIX.V2.SAMPLE.OBJECT, moved to SAMPOBJ/ASMDELWA
2025-04-04 12:51:51.982198 - Found ASMDISAS.bin (application/octet-stream) in DIST.MATRIX.V2.SAMPLE.OBJECT, moved to SAMPOBJ/ASMDISAS
2025-04-04 12:51:51.982318 - Found ASMREAD.bin (application/octet-stream) in DIST.MATRIX.V2.SAMPLE.OBJECT, moved to SAMPOBJ/ASMREAD
2025-04-04 12:51:51.982452 - Found ASMSCAN.bin (application/octet-stream) in DIST.MATRIX.V2.SAMPLE.OBJECT, moved to SAMPOBJ/ASMSCAN
2025-04-04 12:51:51.982578 - Found ASMSWAP.bin (application/octet-stream) in DIST.MATRIX.V2.SAMPLE.OBJECT, moved to SAMPOBJ/ASMSWAP
2025-04-04 12:51:51.982710 - Found ASMTALCC.bin (application/octet-stream) in DIST.MATRIX.V2.SAMPLE.OBJECT, moved to SAMPOBJ/ASMTALCC
2025-04-04 12:51:51.982887 - Found ASMTCRTT.bin (application/octet-stream) in DIST.MATRIX.V2.SAMPLE.OBJECT, moved to SAMPOBJ/ASMTCRTT
2025-04-04 12:51:51.983075 - Found ASMTDELT.bin (application/octet-stream) in DIST.MATRIX.V2.SAMPLE.OBJECT, moved to SAMPOBJ/ASMTDELT
2025-04-04 12:51:51.983226 - Found ASMWRITE.bin (application/octet-stream) in DIST.MATRIX.V2.SAMPLE.OBJECT, moved to SAMPOBJ/ASMWRITE
2025-04-04 12:51:51.983365 - Found TESTOPMX.bin (application/octet-stream) in DIST.MATRIX.V2.SAMPLE.OBJECT, moved to SAMPOBJ/TESTOPMX
2025-04-04 12:51:51.984117 - Found SAMPSRCE.xmi (application/xmit) in CBT.V508.FILE622.PDS, moved to PDS/SAMPSRCE.xmi
2025-04-04 12:51:52.164643 - Received DIST.MATRIX.V2.SAMPLE.SOURCE from SAMPSRCE.xmi 
2025-04-04 12:51:52.165537 - Found ASMASSOC.txt (text/plain) in DIST.MATRIX.V2.SAMPLE.SOURCE, moved to SAMPSRCE/ASMASSOC
2025-04-04 12:51:52.166476 - Found ASMCONN.txt (text/plain) in DIST.MATRIX.V2.SAMPLE.SOURCE, moved to SAMPSRCE/ASMCONN
2025-04-04 12:51:52.166616 - Found ASMCOPY.txt (text/plain) in DIST.MATRIX.V2.SAMPLE.SOURCE, moved to SAMPSRCE/ASMCOPY
2025-04-04 12:51:52.166742 - Found ASMCRTWA.txt (text/plain) in DIST.MATRIX.V2.SAMPLE.SOURCE, moved to SAMPSRCE/ASMCRTWA
2025-04-04 12:51:52.166868 - Found ASMDELWA.txt (text/plain) in DIST.MATRIX.V2.SAMPLE.SOURCE, moved to SAMPSRCE/ASMDELWA
2025-04-04 12:51:52.166982 - Found ASMDISAS.txt (text/plain) in DIST.MATRIX.V2.SAMPLE.SOURCE, moved to SAMPSRCE/ASMDISAS
2025-04-04 12:51:52.167113 - Found ASMREAD.txt (text/plain) in DIST.MATRIX.V2.SAMPLE.SOURCE, moved to SAMPSRCE/ASMREAD
2025-04-04 12:51:52.167237 - Found ASMSCAN.txt (text/plain) in DIST.MATRIX.V2.SAMPLE.SOURCE, moved to SAMPSRCE/ASMSCAN
2025-04-04 12:51:52.167347 - Found ASMSWAP.txt (text/plain) in DIST.MATRIX.V2.SAMPLE.SOURCE, moved to SAMPSRCE/ASMSWAP
2025-04-04 12:51:52.167457 - Found ASMTALCC.txt (text/plain) in DIST.MATRIX.V2.SAMPLE.SOURCE, moved to SAMPSRCE/ASMTALCC
2025-04-04 12:51:52.167575 - Found ASMTCRTT.txt (text/plain) in DIST.MATRIX.V2.SAMPLE.SOURCE, moved to SAMPSRCE/ASMTCRTT
2025-04-04 12:51:52.167704 - Found ASMTDELT.txt (text/plain) in DIST.MATRIX.V2.SAMPLE.SOURCE, moved to SAMPSRCE/ASMTDELT
2025-04-04 12:51:52.167812 - Found ASMWRITE.txt (text/plain) in DIST.MATRIX.V2.SAMPLE.SOURCE, moved to SAMPSRCE/ASMWRITE
2025-04-04 12:51:52.167957 - Found COBEXMP.txt (text/plain) in DIST.MATRIX.V2.SAMPLE.SOURCE, moved to SAMPSRCE/COBEXMP
2025-04-04 12:51:52.168099 - Found COBTBL.txt (text/plain) in DIST.MATRIX.V2.SAMPLE.SOURCE, moved to SAMPSRCE/COBTBL
2025-04-04 12:51:52.168245 - Found TESTOPMX.txt (text/plain) in DIST.MATRIX.V2.SAMPLE.SOURCE, moved to SAMPSRCE/TESTOPMX
2025-04-04 12:51:52.169400 - Found UTILLOAD.xmi (application/xmit) in CBT.V508.FILE622.PDS, moved to PDS/UTILLOAD.xmi
2025-04-04 12:51:52.200248 - Received DIST.MATRIX.UTILITY.LOAD from UTILLOAD.xmi 
2025-04-04 12:51:52.200691 - Found MXDIALOG.bin (application/octet-stream) in DIST.MATRIX.UTILITY.LOAD, moved to UTILLOAD/MXDIALOG
2025-04-04 12:51:52.200842 - Found MXDLG100.bin (application/octet-stream) in DIST.MATRIX.UTILITY.LOAD, moved to UTILLOAD/MXDLG100
2025-04-04 12:51:52.200969 - Found MXDLG300.bin (application/octet-stream) in DIST.MATRIX.UTILITY.LOAD, moved to UTILLOAD/MXDLG300
2025-04-04 12:51:52.201107 - Found MXPRS001.bin (application/octet-stream) in DIST.MATRIX.UTILITY.LOAD, moved to UTILLOAD/MXPRS001
2025-04-04 12:51:52.201222 - Found MXTSOE00.bin (application/octet-stream) in DIST.MATRIX.UTILITY.LOAD, moved to UTILLOAD/MXTSOE00
2025-04-04 12:51:52.201336 - Found SSUTIL.bin (application/octet-stream) in DIST.MATRIX.UTILITY.LOAD, moved to UTILLOAD/SSUTIL
